<?xml version="1.0" encoding="UTF-8"?>
<!-- Generated by org.testng.reporters.JUnitReportReporter -->
<testsuite hostname="DESKTOP-D9BEU1J" failures="0" tests="1" name="Tests.AM3" time="10.982" errors="0" timestamp="2022-02-11T11:24:32 EET" skipped="0">
  <testcase classname="Tests.AM3" name="AM3PS1" time="10.982"/>
  <system-out/>
</testsuite> <!-- Tests.AM3 -->
