<?xml version="1.0" encoding="UTF-8"?>
<!-- Generated by org.testng.reporters.JUnitReportReporter -->
<testsuite hostname="DESKTOP-D9BEU1J" failures="0" tests="1" name="Tests.NewTest" time="0.004" errors="0" timestamp="2022-02-04T14:48:38 EET" skipped="0">
  <testcase classname="Tests.NewTest" name="f" time="0.004"/>
  <system-out/>
</testsuite> <!-- Tests.NewTest -->
