<?xml version="1.0" encoding="UTF-8"?>
<!-- Generated by org.testng.reporters.JUnitReportReporter -->
<testsuite hostname="DESKTOP-D9BEU1J" failures="0" tests="5" name="Tests.UMM2" time="28.121" errors="0" timestamp="2022-02-11T11:24:32 EET" skipped="0">
  <testcase classname="Tests.UMM2" name="UMM2AS3" time="4.228"/>
  <system-out/>
  <testcase classname="Tests.UMM2" name="UMM2AS2" time="3.925"/>
  <system-out/>
  <testcase classname="Tests.UMM2" name="UMM2PS1" time="8.361"/>
  <system-out/>
  <testcase classname="Tests.UMM2" name="UMM2PS1" time="8.346"/>
  <system-out/>
  <testcase classname="Tests.UMM2" name="UMM2AS1" time="3.261"/>
  <system-out/>
</testsuite> <!-- Tests.UMM2 -->
