<?xml version="1.0" encoding="UTF-8"?>
<!-- Generated by org.testng.reporters.JUnitReportReporter -->
<testsuite hostname="DESKTOP-D9BEU1J" failures="0" tests="1" name="Tests.Pabandymui" time="6.003" errors="0" timestamp="2022-02-06T20:52:46 EET" skipped="0">
  <testcase classname="Tests.Pabandymui" name="testas" time="6.003"/>
  <system-out/>
</testsuite> <!-- Tests.Pabandymui -->
